<?xml version="1.0" encoding="UTF-8"?>
<testsuite xmlns:xsi="http://www.w3.org/2001/XMLSchema-instance" xsi:noNamespaceSchemaLocation="https://maven.apache.org/surefire/maven-surefire-plugin/xsd/surefire-test-report-3.0.xsd" version="3.0" name="pl.polsl.lab1.kacper.sikorski.myfirstmvp.model.EnemySpawnerTest" time="0.03" tests="6" errors="0" skipped="0" failures="0">
  <properties>
    <property name="java.specification.version" value="19"/>
    <property name="sun.cpu.isalist" value="amd64"/>
    <property name="sun.jnu.encoding" value="Cp1250"/>
    <property name="java.class.path" value="C:\Users\sikor\OneDrive\Dokumenty\NetBeansProjects\MyFirstMVP\target\test-classes;C:\Users\sikor\OneDrive\Dokumenty\NetBeansProjects\MyFirstMVP\target\classes;C:\Users\sikor\.m2\repository\org\projectlombok\lombok\1.18.36\lombok-1.18.36.jar;C:\Users\sikor\.m2\repository\org\junit\jupiter\junit-jupiter-api\5.10.2\junit-jupiter-api-5.10.2.jar;C:\Users\sikor\.m2\repository\org\opentest4j\opentest4j\1.3.0\opentest4j-1.3.0.jar;C:\Users\sikor\.m2\repository\org\junit\platform\junit-platform-commons\1.10.2\junit-platform-commons-1.10.2.jar;C:\Users\sikor\.m2\repository\org\apiguardian\apiguardian-api\1.1.2\apiguardian-api-1.1.2.jar;C:\Users\sikor\.m2\repository\org\junit\jupiter\junit-jupiter-params\5.10.2\junit-jupiter-params-5.10.2.jar;C:\Users\sikor\.m2\repository\org\junit\jupiter\junit-jupiter-engine\5.10.2\junit-jupiter-engine-5.10.2.jar;C:\Users\sikor\.m2\repository\org\junit\platform\junit-platform-engine\1.10.2\junit-platform-engine-1.10.2.jar;"/>
    <property name="java.vm.vendor" value="Oracle Corporation"/>
    <property name="sun.arch.data.model" value="64"/>
    <property name="user.variant" value=""/>
    <property name="java.vendor.url" value="https://java.oracle.com/"/>
    <property name="user.timezone" value="Europe/Warsaw"/>
    <property name="user.country.format" value="PL"/>
    <property name="os.name" value="Windows 10"/>
    <property name="java.vm.specification.version" value="19"/>
    <property name="user.country" value="US"/>
    <property name="sun.java.launcher" value="SUN_STANDARD"/>
    <property name="sun.boot.library.path" value="C:\Program Files\Java\jdk-19\bin"/>
    <property name="sun.java.command" value="C:\Users\sikor\AppData\Local\Temp\surefire1372536067443116533\surefirebooter-20250112191246625_3.jar C:\Users\sikor\AppData\Local\Temp\surefire1372536067443116533 2025-01-12T19-12-46_500-jvmRun1 surefire-20250112191246625_1tmp surefire_0-20250112191246625_2tmp"/>
    <property name="jdk.debug" value="release"/>
    <property name="test" value="pl.polsl.lab1.kacper.sikorski.myfirstmvp.model.**.*Test"/>
    <property name="surefire.test.class.path" value="C:\Users\sikor\OneDrive\Dokumenty\NetBeansProjects\MyFirstMVP\target\test-classes;C:\Users\sikor\OneDrive\Dokumenty\NetBeansProjects\MyFirstMVP\target\classes;C:\Users\sikor\.m2\repository\org\projectlombok\lombok\1.18.36\lombok-1.18.36.jar;C:\Users\sikor\.m2\repository\org\junit\jupiter\junit-jupiter-api\5.10.2\junit-jupiter-api-5.10.2.jar;C:\Users\sikor\.m2\repository\org\opentest4j\opentest4j\1.3.0\opentest4j-1.3.0.jar;C:\Users\sikor\.m2\repository\org\junit\platform\junit-platform-commons\1.10.2\junit-platform-commons-1.10.2.jar;C:\Users\sikor\.m2\repository\org\apiguardian\apiguardian-api\1.1.2\apiguardian-api-1.1.2.jar;C:\Users\sikor\.m2\repository\org\junit\jupiter\junit-jupiter-params\5.10.2\junit-jupiter-params-5.10.2.jar;C:\Users\sikor\.m2\repository\org\junit\jupiter\junit-jupiter-engine\5.10.2\junit-jupiter-engine-5.10.2.jar;C:\Users\sikor\.m2\repository\org\junit\platform\junit-platform-engine\1.10.2\junit-platform-engine-1.10.2.jar;"/>
    <property name="sun.cpu.endian" value="little"/>
    <property name="user.home" value="C:\Users\sikor"/>
    <property name="user.language" value="en"/>
    <property name="java.specification.vendor" value="Oracle Corporation"/>
    <property name="java.version.date" value="2022-10-18"/>
    <property name="java.home" value="C:\Program Files\Java\jdk-19"/>
    <property name="file.separator" value="\"/>
    <property name="basedir" value="C:\Users\sikor\OneDrive\Dokumenty\NetBeansProjects\MyFirstMVP"/>
    <property name="java.vm.compressedOopsMode" value="Zero based"/>
    <property name="line.separator" value="&#10;"/>
    <property name="java.vm.specification.vendor" value="Oracle Corporation"/>
    <property name="java.specification.name" value="Java Platform API Specification"/>
    <property name="surefire.real.class.path" value="C:\Users\sikor\AppData\Local\Temp\surefire1372536067443116533\surefirebooter-20250112191246625_3.jar"/>
    <property name="user.script" value=""/>
    <property name="sun.management.compiler" value="HotSpot 64-Bit Tiered Compilers"/>
    <property name="java.runtime.version" value="19.0.1+10-21"/>
    <property name="user.name" value="sikor"/>
    <property name="stdout.encoding" value="Cp1250"/>
    <property name="path.separator" value=";"/>
    <property name="os.version" value="10.0"/>
    <property name="java.runtime.name" value="Java(TM) SE Runtime Environment"/>
    <property name="file.encoding" value="UTF-8"/>
    <property name="java.vm.name" value="Java HotSpot(TM) 64-Bit Server VM"/>
    <property name="maven.ext.class.path" value="C:\Program Files\NetBeans-22\netbeans\java\maven-nblib\netbeans-eventspy.jar"/>
    <property name="localRepository" value="C:\Users\sikor\.m2\repository"/>
    <property name="java.vendor.url.bug" value="https://bugreport.java.com/bugreport/"/>
    <property name="java.io.tmpdir" value="C:\Users\sikor\AppData\Local\Temp\"/>
    <property name="java.version" value="19.0.1"/>
    <property name="user.dir" value="C:\Users\sikor\OneDrive\Dokumenty\NetBeansProjects\MyFirstMVP"/>
    <property name="os.arch" value="amd64"/>
    <property name="java.vm.specification.name" value="Java Virtual Machine Specification"/>
    <property name="user.language.format" value="pl"/>
    <property name="sun.os.patch.level" value=""/>
    <property name="native.encoding" value="Cp1250"/>
    <property name="java.library.path" value="C:\Program Files\Java\jdk-19\bin;C:\Windows\Sun\Java\bin;C:\Windows\system32;C:\Windows;C:\Program Files (x86)\Common Files\Intel\Shared Libraries\redist\intel64\compiler;C:\Program Files\Common Files\Oracle\Java\javapath;C:\Windows\system32;C:\Windows;C:\Windows\System32\Wbem;C:\Windows\System32\WindowsPowerShell\v1.0\;C:\Windows\System32\OpenSSH\;C:\Program Files\NVIDIA Corporation\NVIDIA NvDLISR;C:\Program Files (x86)\NVIDIA Corporation\PhysX\Common;C:\Program Files\Microsoft SQL Server\150\Tools\Binn\;C:\Program Files\Microsoft SQL Server\Client SDK\ODBC\170\Tools\Binn\;D;C:\Program Files\dotnet\;D:\Git\cmd;D:\SWIProlog\swipl\bin;C:\Program Files (x86)\Windows Kits\10\Windows Performance Toolkit\;D:\bin;D:\XC8Compiler\bin;C:\Program Files\PowerShell\7\;C:\Program Files\Neovim\bin;C:\Program Files (x86)\Microsoft SQL Server\160\Tools\Binn\;C:\Program Files\Microsoft SQL Server\160\Tools\Binn\;C:\Program Files\Microsoft SQL Server\160\DTS\Binn\;C:\Program Files (x86)\Microsoft SQL Server\160\DTS\Binn\;C:\Program Files\Microchip\xc8\v2.36\bin;D:\Python\Scripts\;D:\Python\;C:\Users\sikor\AppData\Local\Microsoft\WindowsApps;D:\MikTex\miktex\bin\x64\;D:\Microsoft VS Code\bin;C:\Program Files\sqlite;C:\DEV\ffmpeg\ffmpeg\bin;C:\Users\sikor\.dotnet\tools;C:\Users\sikor\AppData\Local\GitHubDesktop\bin;."/>
    <property name="java.vm.info" value="mixed mode, sharing"/>
    <property name="stderr.encoding" value="Cp1250"/>
    <property name="java.vendor" value="Oracle Corporation"/>
    <property name="java.vm.version" value="19.0.1+10-21"/>
    <property name="sun.io.unicode.encoding" value="UnicodeLittle"/>
    <property name="java.class.version" value="63.0"/>
  </properties>
  <testcase name="testSpawnEnemyWithEmptyEnemyList" classname="pl.polsl.lab1.kacper.sikorski.myfirstmvp.model.EnemySpawnerTest" time="0.003"/>
  <testcase name="testAddEnemyType(String, int, int)[1]" classname="pl.polsl.lab1.kacper.sikorski.myfirstmvp.model.EnemySpawnerTest" time="0.002"/>
  <testcase name="testAddEnemyType(String, int, int)[2]" classname="pl.polsl.lab1.kacper.sikorski.myfirstmvp.model.EnemySpawnerTest" time="0.001"/>
  <testcase name="testAddInvalidEnemyType(String, int, int)[1]" classname="pl.polsl.lab1.kacper.sikorski.myfirstmvp.model.EnemySpawnerTest" time="0.004"/>
  <testcase name="testSpawnRandomEnemyWithNewEnemyType(String, int, int)[1]" classname="pl.polsl.lab1.kacper.sikorski.myfirstmvp.model.EnemySpawnerTest" time="0.002"/>
  <testcase name="testSpawnRandomEnemy" classname="pl.polsl.lab1.kacper.sikorski.myfirstmvp.model.EnemySpawnerTest" time="0.002"/>
</testsuite>